<?xml version="1.0" encoding="UTF-8"?>
<!-- Generated by org.testng.reporters.JUnitReportReporter -->
<testsuite skipped="0" hostname="bala" name="testNG.selenium" tests="1" failures="0" timestamp="13 Dec 2018 13:02:00 GMT" time="3.819" errors="0">
  <testcase name="verifyLogin" time="3.819" classname="testNG.selenium"/>
</testsuite> <!-- testNG.selenium -->
